  main.cpp
main.cpp(12): warning C4996: 'strcpy': This function or variable may be unsafe. Consider using strcpy_s instead. To disable deprecation, use _CRT_SECURE_NO_WARNINGS. See online help for details.
  C:\Program Files (x86)\Windows Kits\10\Include\10.0.14393.0\ucrt\string.h(129): note: 参见“strcpy”的声明
main.cpp(20): warning C4996: 'strcat': This function or variable may be unsafe. Consider using strcat_s instead. To disable deprecation, use _CRT_SECURE_NO_WARNINGS. See online help for details.
  C:\Program Files (x86)\Windows Kits\10\Include\10.0.14393.0\ucrt\string.h(90): note: 参见“strcat”的声明
main.cpp(21): warning C4267: “初始化”: 从“size_t”转换到“int”，可能丢失数据
main.cpp(36): warning C4267: “初始化”: 从“size_t”转换到“int”，可能丢失数据
main.cpp(61): warning C4267: “=”: 从“size_t”转换到“int”，可能丢失数据
main.cpp(229): warning C4996: 'strcpy': This function or variable may be unsafe. Consider using strcpy_s instead. To disable deprecation, use _CRT_SECURE_NO_WARNINGS. See online help for details.
  C:\Program Files (x86)\Windows Kits\10\Include\10.0.14393.0\ucrt\string.h(129): note: 参见“strcpy”的声明
main.cpp(233): warning C4267: “初始化”: 从“size_t”转换到“int”，可能丢失数据
main.cpp(238): warning C4996: 'strcpy': This function or variable may be unsafe. Consider using strcpy_s instead. To disable deprecation, use _CRT_SECURE_NO_WARNINGS. See online help for details.
  C:\Program Files (x86)\Windows Kits\10\Include\10.0.14393.0\ucrt\string.h(129): note: 参见“strcpy”的声明
main.cpp(261): warning C4267: “初始化”: 从“size_t”转换到“int”，可能丢失数据
main.cpp(328): warning C4267: “初始化”: 从“size_t”转换到“int”，可能丢失数据
  正在生成代码
  1 of 1079 functions ( 0.1%) were compiled, the rest were copied from previous compilation.
    0 functions were new in current compilation
    28 functions had inline decision re-evaluated but remain unchanged
  已完成代码的生成
  MiniSQL.vcxproj -> E:\MiniSQL\x64\Release\MiniSQL.exe
